2020-11-16T01:25:03.539Z - info: [gme] Node version v14.15.0
2020-11-16T01:25:03.541Z - info: [gme] Logfile [ info ] : C:\work\modelica-circuits\server.log
2020-11-16T01:25:03.544Z - info: [gme] Logfile [ error ] : C:\work\modelica-circuits\server-error.log
2020-11-16T01:25:03.560Z - info: [gme:server:standalone] Valid addresses of gme web server:  http://192.168.56.1:8888  http://172.20.16.29:8888  http://127.0.0.1:8888
2020-11-16T01:25:03.641Z - info: [gme:server:standalone:middleware:BlobServer:BlobBackend] local-storage: C:\work\modelica-circuits\blob-local-storage
2020-11-16T01:25:03.646Z - info: [gme:server:auth:gmeauth] connecting to: mongodb://127.0.0.1:27017/modelica_circuits
2020-11-16T01:25:03.686Z - warn: [gme:server:auth:gmeauth] User "guest" was not found. We will attempt to create it automatically.
2020-11-16T01:25:03.854Z - info: [gme:server:standalone:mongo] connecting to: mongodb://127.0.0.1:27017/modelica_circuits
2020-11-16T01:25:04.154Z - info: [gme:server:standalone] Server is listening ...
2020-11-16T01:32:51.513Z - info: [gme] Node version v14.15.0
2020-11-16T01:32:51.515Z - info: [gme] Logfile [ info ] : C:\work\modelica-circuits\server.log
2020-11-16T01:32:51.516Z - info: [gme] Logfile [ error ] : C:\work\modelica-circuits\server-error.log
2020-11-16T01:32:51.535Z - info: [gme:server:standalone] Valid addresses of gme web server:  http://192.168.56.1:8888  http://172.20.16.29:8888  http://127.0.0.1:8888
2020-11-16T01:32:51.618Z - info: [gme:server:standalone:middleware:BlobServer:BlobBackend] local-storage: C:\work\modelica-circuits\blob-local-storage
2020-11-16T01:32:51.623Z - info: [gme:server:auth:gmeauth] connecting to: mongodb://127.0.0.1:27017/modelica_circuits
2020-11-16T01:32:51.645Z - info: [gme:server:standalone:mongo] connecting to: mongodb://127.0.0.1:27017/modelica_circuits
2020-11-16T01:32:51.933Z - info: [gme:server:standalone] Server is listening ...
2020-11-16T01:43:34.614Z - info: [gme] Node version v14.15.0
2020-11-16T01:43:34.615Z - info: [gme] Logfile [ info ] : C:\work\modelica-circuits\server.log
2020-11-16T01:43:34.616Z - info: [gme] Logfile [ error ] : C:\work\modelica-circuits\server-error.log
2020-11-16T01:43:34.632Z - info: [gme:server:standalone] Valid addresses of gme web server:  http://192.168.56.1:8888  http://172.20.16.29:8888  http://127.0.0.1:8888
2020-11-16T01:43:34.712Z - info: [gme:server:standalone:middleware:BlobServer:BlobBackend] local-storage: C:\work\modelica-circuits\blob-local-storage
2020-11-16T01:43:34.716Z - info: [gme:server:auth:gmeauth] connecting to: mongodb://127.0.0.1:27017/modelica_circuits
2020-11-16T01:43:34.738Z - info: [gme:server:standalone:mongo] connecting to: mongodb://127.0.0.1:27017/modelica_circuits
2020-11-16T01:43:35.023Z - info: [gme:server:standalone] Server is listening ...
2020-11-18T02:35:47.945Z - info: [gme] Node version v14.15.0
2020-11-18T02:35:47.948Z - info: [gme] Logfile [ info ] : C:\work\modelica-circuits\server.log
2020-11-18T02:35:47.948Z - info: [gme] Logfile [ error ] : C:\work\modelica-circuits\server-error.log
2020-11-18T02:35:47.972Z - info: [gme:server:standalone] Valid addresses of gme web server:  http://192.168.56.1:8888  http://172.20.16.29:8888  http://127.0.0.1:8888
2020-11-18T02:35:48.085Z - info: [gme:server:standalone:middleware:BlobServer:BlobBackend] local-storage: C:\work\modelica-circuits\blob-local-storage
2020-11-18T02:35:48.091Z - info: [gme:server:auth:gmeauth] connecting to: mongodb://127.0.0.1:27017/modelica_circuits
2020-11-18T02:35:48.113Z - info: [gme:server:standalone:mongo] connecting to: mongodb://127.0.0.1:27017/modelica_circuits
2020-11-18T02:35:48.446Z - info: [gme:server:standalone] Server is listening ...
2020-11-18T02:37:47.696Z - error: [gme:server:standalone:middleware:BlobServer:BlobBackend] readStream on close
2020-11-18T02:37:47.698Z - error: [gme:server:standalone:middleware:BlobServer] Error: ReadStream was closed while writing file!
2020-11-18T02:37:47.699Z - error: [gme:server:standalone:middleware:BlobServer:BlobBackend] readStream on close
2020-11-18T02:38:38.829Z - error: [gme:server:standalone:middleware:BlobServer:BlobBackend] readStream on close
2020-11-18T02:38:38.830Z - error: [gme:server:standalone:middleware:BlobServer] Error: ReadStream was closed while writing file!
2020-11-18T02:38:38.830Z - error: [gme:server:standalone:middleware:BlobServer:BlobBackend] readStream on close
2020-11-18T02:40:24.362Z - error: [gme:server:standalone:middleware:BlobServer:BlobBackend] readStream on close
2020-11-18T02:40:24.362Z - error: [gme:server:standalone:middleware:BlobServer] Error: ReadStream was closed while writing file!
2020-11-18T02:40:24.363Z - error: [gme:server:standalone:middleware:BlobServer:BlobBackend] readStream on close
2020-11-18T02:43:09.473Z - error: [gme:server:standalone:middleware:BlobServer:BlobBackend] readStream on close
2020-11-18T02:43:09.475Z - error: [gme:server:standalone:middleware:BlobServer] Error: ReadStream was closed while writing file!
2020-11-18T02:43:09.475Z - error: [gme:server:standalone:middleware:BlobServer:BlobBackend] readStream on close
2020-11-18T02:49:54.665Z - info: [gme] Node version v14.15.0
2020-11-18T02:49:54.667Z - info: [gme] Logfile [ info ] : C:\work\modelica-circuits\server.log
2020-11-18T02:49:54.667Z - info: [gme] Logfile [ error ] : C:\work\modelica-circuits\server-error.log
2020-11-18T02:49:54.684Z - info: [gme:server:standalone] Valid addresses of gme web server:  http://192.168.56.1:8888  http://172.20.16.29:8888  http://127.0.0.1:8888
2020-11-18T02:49:54.774Z - info: [gme:server:standalone:middleware:BlobServer:BlobBackend] local-storage: C:\work\modelica-circuits\blob-local-storage
2020-11-18T02:49:54.781Z - info: [gme:server:auth:gmeauth] connecting to: mongodb://127.0.0.1:27017/modelica_circuits
2020-11-18T02:49:54.811Z - info: [gme:server:standalone:mongo] connecting to: mongodb://127.0.0.1:27017/modelica_circuits
2020-11-18T02:49:55.162Z - info: [gme:server:standalone] Server is listening ...
2020-11-18T02:50:16.846Z - error: [gme:server:standalone:middleware:BlobServer:BlobBackend] readStream on close
2020-11-18T02:50:16.848Z - error: [gme:server:standalone:middleware:BlobServer] Error: ReadStream was closed while writing file!
2020-11-18T02:50:16.848Z - error: [gme:server:standalone:middleware:BlobServer:BlobBackend] readStream on close
2020-11-18T02:57:44.412Z - info: [gme] Node version v14.15.0
2020-11-18T02:57:44.414Z - info: [gme] Logfile [ info ] : C:\work\modelica-circuits\server.log
2020-11-18T02:57:44.416Z - info: [gme] Logfile [ error ] : C:\work\modelica-circuits\server-error.log
2020-11-18T02:57:44.434Z - info: [gme:server:standalone] Valid addresses of gme web server:  http://192.168.56.1:8888  http://172.20.16.29:8888  http://127.0.0.1:8888
2020-11-18T02:57:44.516Z - info: [gme:server:standalone:middleware:BlobServer:BlobBackend] local-storage: C:\work\modelica-circuits\blob-local-storage
2020-11-18T02:57:44.521Z - info: [gme:server:auth:gmeauth] connecting to: mongodb://127.0.0.1:27017/modelica_circuits
2020-11-18T02:57:44.545Z - info: [gme:server:standalone:mongo] connecting to: mongodb://127.0.0.1:27017/modelica_circuits
2020-11-18T02:57:44.833Z - info: [gme:server:standalone] Server is listening ...
2020-11-18T02:58:02.222Z - info: [gme:server:standalone:middleware:BlobServer:BlobBackend] readStream on close
2020-11-18T02:58:02.227Z - info: [gme:server:standalone:middleware:BlobServer:BlobBackend] readStream on close
2020-11-18T18:14:01.179Z - info: [gme] Node version v14.15.0
2020-11-18T18:14:01.181Z - info: [gme] Logfile [ info ] : C:\work\modelica-circuits\server.log
2020-11-18T18:14:01.181Z - info: [gme] Logfile [ error ] : C:\work\modelica-circuits\server-error.log
2020-11-18T18:14:01.205Z - info: [gme:server:standalone] Valid addresses of gme web server:  http://192.168.56.1:8888  http://172.20.16.29:8888  http://127.0.0.1:8888
2020-11-18T18:14:01.336Z - info: [gme:server:standalone:middleware:BlobServer:BlobBackend] local-storage: C:\work\modelica-circuits\blob-local-storage
2020-11-18T18:14:01.340Z - info: [gme:server:auth:gmeauth] connecting to: mongodb://127.0.0.1:27017/modelica_circuits
2020-11-18T18:14:01.362Z - info: [gme:server:standalone:mongo] connecting to: mongodb://127.0.0.1:27017/modelica_circuits
2020-11-18T18:14:01.706Z - info: [gme:server:standalone] Server is listening ...
2020-11-22T01:23:03.729Z - info: [gme] Node version v14.15.0
2020-11-22T01:23:03.731Z - info: [gme] Logfile [ info ] : C:\work\modelica-circuits\server.log
2020-11-22T01:23:03.731Z - info: [gme] Logfile [ error ] : C:\work\modelica-circuits\server-error.log
2020-11-22T01:23:03.760Z - info: [gme:server:standalone] Valid addresses of gme web server:  http://192.168.56.1:8888  http://192.168.0.50:8888  http://127.0.0.1:8888
2020-11-22T01:23:03.888Z - info: [gme:server:standalone:middleware:BlobServer:BlobBackend] local-storage: C:\work\modelica-circuits\blob-local-storage
2020-11-22T01:23:03.892Z - info: [gme:server:auth:gmeauth] connecting to: mongodb://127.0.0.1:27017/modelica_circuits
2020-11-22T01:23:03.945Z - info: [gme:server:standalone:mongo] connecting to: mongodb://127.0.0.1:27017/modelica_circuits
2020-11-22T01:23:04.295Z - info: [gme:server:standalone] Server is listening ...
2020-11-22T01:30:35.100Z - info: [gme] Node version v14.15.0
2020-11-22T01:30:35.101Z - info: [gme] Logfile [ info ] : C:\work\modelica-circuits\server.log
2020-11-22T01:30:35.102Z - info: [gme] Logfile [ error ] : C:\work\modelica-circuits\server-error.log
2020-11-22T01:30:35.118Z - info: [gme:server:standalone] Valid addresses of gme web server:  http://192.168.56.1:8888  http://192.168.0.50:8888  http://127.0.0.1:8888
2020-11-22T01:30:35.193Z - info: [gme:server:standalone:middleware:BlobServer:BlobBackend] local-storage: C:\work\modelica-circuits\blob-local-storage
2020-11-22T01:30:35.196Z - info: [gme:server:auth:gmeauth] connecting to: mongodb://127.0.0.1:27017/modelica_circuits
2020-11-22T01:30:35.216Z - info: [gme:server:standalone:mongo] connecting to: mongodb://127.0.0.1:27017/modelica_circuits
2020-11-22T01:30:35.494Z - info: [gme:server:standalone] Server is listening ...
2020-11-22T02:13:19.064Z - info: [gme] Node version v14.15.0
2020-11-22T02:13:19.066Z - info: [gme] Logfile [ info ] : C:\work\modelica-circuits\server.log
2020-11-22T02:13:19.066Z - info: [gme] Logfile [ error ] : C:\work\modelica-circuits\server-error.log
2020-11-22T02:13:19.085Z - info: [gme:server:standalone] Valid addresses of gme web server:  http://192.168.56.1:8888  http://192.168.0.50:8888  http://127.0.0.1:8888
2020-11-22T02:13:19.175Z - info: [gme:server:standalone:middleware:BlobServer:BlobBackend] local-storage: C:\work\modelica-circuits\blob-local-storage
2020-11-22T02:13:19.179Z - info: [gme:server:auth:gmeauth] connecting to: mongodb://127.0.0.1:27017/modelica_circuits
2020-11-22T02:13:19.209Z - info: [gme:server:standalone:mongo] connecting to: mongodb://127.0.0.1:27017/modelica_circuits
2020-11-22T02:13:19.524Z - info: [gme:server:standalone] Server is listening ...
2020-11-22T02:13:56.673Z - info: [gme:server:worker:simpleworker:pid_1532:WorkerFunctions:PluginManagerBase:plugin:ModelicaCodeGenerator] zmq-server listening at port 5555
2020-11-22T02:13:56.728Z - error: [gme:server:worker:simpleworker:pid_1532:WorkerFunctions:PluginManagerBase:plugin:ModelicaCodeGenerator] Traceback (most recent call last):
  File "C:\work\modelica-circuits\src\plugins\ModelicaCodeGenerator\run_plugin.py", line 12, in <module>
    from webgme_bindings import WebGME
ImportError: No module named webgme_bindings

2020-11-22T02:13:56.731Z - error: [gme:server:worker:simpleworker:pid_1532:WorkerFunctions:PluginManagerBase:plugin:ModelicaCodeGenerator] Error: python C:\work\modelica-circuits\src\plugins\ModelicaCodeGenerator\run_plugin.py 5555 "#27d55c25f1f3d568ecaf7412f1028255435cf361" "master" "/m" "" "" exited with code 1.
    at ChildProcess.<anonymous> (C:\work\modelica-circuits\src\plugins\ModelicaCodeGenerator\ModelicaCodeGenerator.js:99:37)
    at ChildProcess.emit (events.js:315:20)
    at maybeClose (internal/child_process.js:1048:16)
    at Process.ChildProcess._handle.onexit (internal/child_process.js:288:5)
2020-11-22T02:13:56.736Z - error: [gme:server:worker:simpleworker:pid_1532:WorkerFunctions] plugin [ModelicaCodeGenerator] failed with error message=python C:\work\modelica-circuits\src\plugins\ModelicaCodeGenerator\run_plugin.py 5555 "#27d55c25f1f3d568ecaf7412f1028255435cf361" "master" "/m" "" "" exited with code 1., stack=Error: python C:\work\modelica-circuits\src\plugins\ModelicaCodeGenerator\run_plugin.py 5555 "#27d55c25f1f3d568ecaf7412f1028255435cf361" "master" "/m" "" "" exited with code 1.
    at ChildProcess.<anonymous> (C:\work\modelica-circuits\src\plugins\ModelicaCodeGenerator\ModelicaCodeGenerator.js:99:37)
    at ChildProcess.emit (events.js:315:20)
    at maybeClose (internal/child_process.js:1048:16)
    at Process.ChildProcess._handle.onexit (internal/child_process.js:288:5)
2020-11-22T02:15:03.033Z - info: [gme:server:worker:simpleworker:pid_1496:WorkerFunctions:PluginManagerBase:plugin:ModelicaCodeGenerator] zmq-server listening at port 5555
2020-11-22T02:15:03.083Z - error: [gme:server:worker:simpleworker:pid_1496:WorkerFunctions:PluginManagerBase:plugin:ModelicaCodeGenerator] Traceback (most recent call last):
  File "C:\work\modelica-circuits\src\plugins\ModelicaCodeGenerator\run_plugin.py", line 12, in <module>
    from webgme_bindings import WebGME
ImportError: No module named webgme_bindings

2020-11-22T02:15:03.086Z - error: [gme:server:worker:simpleworker:pid_1496:WorkerFunctions:PluginManagerBase:plugin:ModelicaCodeGenerator] Error: python C:\work\modelica-circuits\src\plugins\ModelicaCodeGenerator\run_plugin.py 5555 "#27d55c25f1f3d568ecaf7412f1028255435cf361" "master" "/m" "" "" exited with code 1.
    at ChildProcess.<anonymous> (C:\work\modelica-circuits\src\plugins\ModelicaCodeGenerator\ModelicaCodeGenerator.js:99:37)
    at ChildProcess.emit (events.js:315:20)
    at maybeClose (internal/child_process.js:1048:16)
    at Process.ChildProcess._handle.onexit (internal/child_process.js:288:5)
2020-11-22T02:15:03.090Z - error: [gme:server:worker:simpleworker:pid_1496:WorkerFunctions] plugin [ModelicaCodeGenerator] failed with error message=python C:\work\modelica-circuits\src\plugins\ModelicaCodeGenerator\run_plugin.py 5555 "#27d55c25f1f3d568ecaf7412f1028255435cf361" "master" "/m" "" "" exited with code 1., stack=Error: python C:\work\modelica-circuits\src\plugins\ModelicaCodeGenerator\run_plugin.py 5555 "#27d55c25f1f3d568ecaf7412f1028255435cf361" "master" "/m" "" "" exited with code 1.
    at ChildProcess.<anonymous> (C:\work\modelica-circuits\src\plugins\ModelicaCodeGenerator\ModelicaCodeGenerator.js:99:37)
    at ChildProcess.emit (events.js:315:20)
    at maybeClose (internal/child_process.js:1048:16)
    at Process.ChildProcess._handle.onexit (internal/child_process.js:288:5)
2020-11-22T02:19:20.535Z - info: [gme:server:worker:simpleworker:pid_1496:WorkerFunctions:PluginManagerBase:plugin:ModelicaCodeGenerator] zmq-server listening at port 5555
2020-11-22T02:19:20.579Z - error: [gme:server:worker:simpleworker:pid_1496:WorkerFunctions:PluginManagerBase:plugin:ModelicaCodeGenerator] Traceback (most recent call last):
  File "C:\work\modelica-circuits\src\plugins\ModelicaCodeGenerator\run_plugin.py", line 12, in <module>
    from webgme_bindings import WebGME
ImportError: No module named webgme_bindings

2020-11-22T02:19:20.582Z - error: [gme:server:worker:simpleworker:pid_1496:WorkerFunctions:PluginManagerBase:plugin:ModelicaCodeGenerator] Error: python C:\work\modelica-circuits\src\plugins\ModelicaCodeGenerator\run_plugin.py 5555 "#27d55c25f1f3d568ecaf7412f1028255435cf361" "master" "/m" "" "" exited with code 1.
    at ChildProcess.<anonymous> (C:\work\modelica-circuits\src\plugins\ModelicaCodeGenerator\ModelicaCodeGenerator.js:99:37)
    at ChildProcess.emit (events.js:315:20)
    at maybeClose (internal/child_process.js:1048:16)
    at Process.ChildProcess._handle.onexit (internal/child_process.js:288:5)
2020-11-22T02:19:20.583Z - error: [gme:server:worker:simpleworker:pid_1496:WorkerFunctions] plugin [ModelicaCodeGenerator] failed with error message=python C:\work\modelica-circuits\src\plugins\ModelicaCodeGenerator\run_plugin.py 5555 "#27d55c25f1f3d568ecaf7412f1028255435cf361" "master" "/m" "" "" exited with code 1., stack=Error: python C:\work\modelica-circuits\src\plugins\ModelicaCodeGenerator\run_plugin.py 5555 "#27d55c25f1f3d568ecaf7412f1028255435cf361" "master" "/m" "" "" exited with code 1.
    at ChildProcess.<anonymous> (C:\work\modelica-circuits\src\plugins\ModelicaCodeGenerator\ModelicaCodeGenerator.js:99:37)
    at ChildProcess.emit (events.js:315:20)
    at maybeClose (internal/child_process.js:1048:16)
    at Process.ChildProcess._handle.onexit (internal/child_process.js:288:5)
2020-11-22T02:53:21.218Z - info: [gme] Node version v14.15.0
2020-11-22T02:53:21.219Z - info: [gme] Logfile [ info ] : C:\work\modelica-circuits\server.log
2020-11-22T02:53:21.220Z - info: [gme] Logfile [ error ] : C:\work\modelica-circuits\server-error.log
2020-11-22T02:53:21.237Z - info: [gme:server:standalone] Valid addresses of gme web server:  http://192.168.56.1:8888  http://192.168.0.50:8888  http://127.0.0.1:8888
2020-11-22T02:53:21.325Z - info: [gme:server:standalone:middleware:BlobServer:BlobBackend] local-storage: C:\work\modelica-circuits\blob-local-storage
2020-11-22T02:53:21.329Z - info: [gme:server:auth:gmeauth] connecting to: mongodb://127.0.0.1:27017/modelica_circuits
2020-11-22T02:53:21.350Z - info: [gme:server:standalone:mongo] connecting to: mongodb://127.0.0.1:27017/modelica_circuits
2020-11-22T02:53:21.678Z - info: [gme:server:standalone] Server is listening ...
2020-11-22T02:53:34.475Z - info: [gme:server:worker:simpleworker:pid_14664:WorkerFunctions:PluginManagerBase:plugin:ModelicaCodeGenerator] zmq-server listening at port 5555
2020-11-22T02:53:34.521Z - error: [gme:server:worker:simpleworker:pid_14664:WorkerFunctions:PluginManagerBase:plugin:ModelicaCodeGenerator] Traceback (most recent call last):
  File "C:\work\modelica-circuits\src\plugins\ModelicaCodeGenerator\run_plugin.py", line 12, in <module>
    from webgme_bindings import WebGME
ImportError: No module named webgme_bindings

2020-11-22T02:53:34.524Z - error: [gme:server:worker:simpleworker:pid_14664:WorkerFunctions:PluginManagerBase:plugin:ModelicaCodeGenerator] Error: python C:\work\modelica-circuits\src\plugins\ModelicaCodeGenerator\run_plugin.py 5555 "#27d55c25f1f3d568ecaf7412f1028255435cf361" "master" "/m" "" "" exited with code 1.
    at ChildProcess.<anonymous> (C:\work\modelica-circuits\src\plugins\ModelicaCodeGenerator\ModelicaCodeGenerator.js:99:37)
    at ChildProcess.emit (events.js:315:20)
    at maybeClose (internal/child_process.js:1048:16)
    at Process.ChildProcess._handle.onexit (internal/child_process.js:288:5)
2020-11-22T02:53:34.527Z - error: [gme:server:worker:simpleworker:pid_14664:WorkerFunctions] plugin [ModelicaCodeGenerator] failed with error message=python C:\work\modelica-circuits\src\plugins\ModelicaCodeGenerator\run_plugin.py 5555 "#27d55c25f1f3d568ecaf7412f1028255435cf361" "master" "/m" "" "" exited with code 1., stack=Error: python C:\work\modelica-circuits\src\plugins\ModelicaCodeGenerator\run_plugin.py 5555 "#27d55c25f1f3d568ecaf7412f1028255435cf361" "master" "/m" "" "" exited with code 1.
    at ChildProcess.<anonymous> (C:\work\modelica-circuits\src\plugins\ModelicaCodeGenerator\ModelicaCodeGenerator.js:99:37)
    at ChildProcess.emit (events.js:315:20)
    at maybeClose (internal/child_process.js:1048:16)
    at Process.ChildProcess._handle.onexit (internal/child_process.js:288:5)
2020-11-22T02:55:59.524Z - info: [gme:server:worker:simpleworker:pid_14664:WorkerFunctions:PluginManagerBase:plugin:ModelicaCodeGenerator] zmq-server listening at port 5555
2020-11-22T02:55:59.569Z - error: [gme:server:worker:simpleworker:pid_14664:WorkerFunctions:PluginManagerBase:plugin:ModelicaCodeGenerator] Traceback (most recent call last):
  File "C:\work\modelica-circuits\src\plugins\ModelicaCodeGenerator\run_plugin.py", line 12, in <module>
    from webgme_bindings import WebGME
ImportError: No module named webgme_bindings

2020-11-22T02:55:59.572Z - error: [gme:server:worker:simpleworker:pid_14664:WorkerFunctions:PluginManagerBase:plugin:ModelicaCodeGenerator] Error: python C:\work\modelica-circuits\src\plugins\ModelicaCodeGenerator\run_plugin.py 5555 "#27d55c25f1f3d568ecaf7412f1028255435cf361" "master" "/m" "" "" exited with code 1.
    at ChildProcess.<anonymous> (C:\work\modelica-circuits\src\plugins\ModelicaCodeGenerator\ModelicaCodeGenerator.js:99:37)
    at ChildProcess.emit (events.js:315:20)
    at maybeClose (internal/child_process.js:1048:16)
    at Process.ChildProcess._handle.onexit (internal/child_process.js:288:5)
2020-11-22T02:55:59.573Z - error: [gme:server:worker:simpleworker:pid_14664:WorkerFunctions] plugin [ModelicaCodeGenerator] failed with error message=python C:\work\modelica-circuits\src\plugins\ModelicaCodeGenerator\run_plugin.py 5555 "#27d55c25f1f3d568ecaf7412f1028255435cf361" "master" "/m" "" "" exited with code 1., stack=Error: python C:\work\modelica-circuits\src\plugins\ModelicaCodeGenerator\run_plugin.py 5555 "#27d55c25f1f3d568ecaf7412f1028255435cf361" "master" "/m" "" "" exited with code 1.
    at ChildProcess.<anonymous> (C:\work\modelica-circuits\src\plugins\ModelicaCodeGenerator\ModelicaCodeGenerator.js:99:37)
    at ChildProcess.emit (events.js:315:20)
    at maybeClose (internal/child_process.js:1048:16)
    at Process.ChildProcess._handle.onexit (internal/child_process.js:288:5)
2020-11-22T03:36:48.065Z - info: [gme] Node version v14.15.0
2020-11-22T03:36:48.066Z - info: [gme] Logfile [ info ] : C:\work\modelica-circuits\server.log
2020-11-22T03:36:48.067Z - info: [gme] Logfile [ error ] : C:\work\modelica-circuits\server-error.log
2020-11-22T03:36:48.091Z - info: [gme:server:standalone] Valid addresses of gme web server:  http://192.168.56.1:8888  http://192.168.0.50:8888  http://127.0.0.1:8888
2020-11-22T03:36:48.220Z - info: [gme:server:standalone:middleware:BlobServer:BlobBackend] local-storage: C:\work\modelica-circuits\blob-local-storage
2020-11-22T03:36:48.224Z - info: [gme:server:auth:gmeauth] connecting to: mongodb://127.0.0.1:27017/modelica_circuits
2020-11-22T03:36:48.259Z - info: [gme:server:standalone:mongo] connecting to: mongodb://127.0.0.1:27017/modelica_circuits
2020-11-22T03:36:48.634Z - info: [gme:server:standalone] Server is listening ...
2020-11-22T03:37:02.276Z - info: [gme:server:worker:simpleworker:pid_8840:WorkerFunctions:PluginManagerBase:plugin:ModelicaCodeGenerator] zmq-server listening at port 5555
2020-11-22T03:37:02.339Z - error: [gme:server:worker:simpleworker:pid_8840:WorkerFunctions:PluginManagerBase:plugin:ModelicaCodeGenerator] Traceback (most recent call last):
  File "C:\work\modelica-circuits\src\plugins\ModelicaCodeGenerator\run_plugin.py", line 12, in <module>
    from webgme_bindings import WebGME
ImportError: No module named webgme_bindings

2020-11-22T03:37:02.343Z - error: [gme:server:worker:simpleworker:pid_8840:WorkerFunctions:PluginManagerBase:plugin:ModelicaCodeGenerator] Error: python C:\work\modelica-circuits\src\plugins\ModelicaCodeGenerator\run_plugin.py 5555 "#27d55c25f1f3d568ecaf7412f1028255435cf361" "master" "/m" "" "" exited with code 1.
    at ChildProcess.<anonymous> (C:\work\modelica-circuits\src\plugins\ModelicaCodeGenerator\ModelicaCodeGenerator.js:99:37)
    at ChildProcess.emit (events.js:315:20)
    at maybeClose (internal/child_process.js:1048:16)
    at Process.ChildProcess._handle.onexit (internal/child_process.js:288:5)
2020-11-22T03:37:02.347Z - error: [gme:server:worker:simpleworker:pid_8840:WorkerFunctions] plugin [ModelicaCodeGenerator] failed with error message=python C:\work\modelica-circuits\src\plugins\ModelicaCodeGenerator\run_plugin.py 5555 "#27d55c25f1f3d568ecaf7412f1028255435cf361" "master" "/m" "" "" exited with code 1., stack=Error: python C:\work\modelica-circuits\src\plugins\ModelicaCodeGenerator\run_plugin.py 5555 "#27d55c25f1f3d568ecaf7412f1028255435cf361" "master" "/m" "" "" exited with code 1.
    at ChildProcess.<anonymous> (C:\work\modelica-circuits\src\plugins\ModelicaCodeGenerator\ModelicaCodeGenerator.js:99:37)
    at ChildProcess.emit (events.js:315:20)
    at maybeClose (internal/child_process.js:1048:16)
    at Process.ChildProcess._handle.onexit (internal/child_process.js:288:5)
2020-11-22T03:37:53.517Z - info: [gme:server:worker:simpleworker:pid_8840:WorkerFunctions:PluginManagerBase:plugin:ModelicaCodeGenerator] zmq-server listening at port 5555
2020-11-22T03:37:53.565Z - error: [gme:server:worker:simpleworker:pid_8840:WorkerFunctions:PluginManagerBase:plugin:ModelicaCodeGenerator] Traceback (most recent call last):
  File "C:\work\modelica-circuits\src\plugins\ModelicaCodeGenerator\run_plugin.py", line 12, in <module>
    from webgme_bindings import WebGME
ImportError: No module named webgme_bindings

2020-11-22T03:37:53.568Z - error: [gme:server:worker:simpleworker:pid_8840:WorkerFunctions:PluginManagerBase:plugin:ModelicaCodeGenerator] Error: python C:\work\modelica-circuits\src\plugins\ModelicaCodeGenerator\run_plugin.py 5555 "#27d55c25f1f3d568ecaf7412f1028255435cf361" "master" "/m" "" "" exited with code 1.
    at ChildProcess.<anonymous> (C:\work\modelica-circuits\src\plugins\ModelicaCodeGenerator\ModelicaCodeGenerator.js:99:37)
    at ChildProcess.emit (events.js:315:20)
    at maybeClose (internal/child_process.js:1048:16)
    at Process.ChildProcess._handle.onexit (internal/child_process.js:288:5)
2020-11-22T03:37:53.569Z - error: [gme:server:worker:simpleworker:pid_8840:WorkerFunctions] plugin [ModelicaCodeGenerator] failed with error message=python C:\work\modelica-circuits\src\plugins\ModelicaCodeGenerator\run_plugin.py 5555 "#27d55c25f1f3d568ecaf7412f1028255435cf361" "master" "/m" "" "" exited with code 1., stack=Error: python C:\work\modelica-circuits\src\plugins\ModelicaCodeGenerator\run_plugin.py 5555 "#27d55c25f1f3d568ecaf7412f1028255435cf361" "master" "/m" "" "" exited with code 1.
    at ChildProcess.<anonymous> (C:\work\modelica-circuits\src\plugins\ModelicaCodeGenerator\ModelicaCodeGenerator.js:99:37)
    at ChildProcess.emit (events.js:315:20)
    at maybeClose (internal/child_process.js:1048:16)
    at Process.ChildProcess._handle.onexit (internal/child_process.js:288:5)
2020-11-22T03:44:33.296Z - info: [gme:server:worker:simpleworker:pid_7444:WorkerFunctions:PluginManagerBase:plugin:ModelicaCodeGenerator] zmq-server listening at port 5555
2020-11-22T03:44:33.344Z - error: [gme:server:worker:simpleworker:pid_7444:WorkerFunctions:PluginManagerBase:plugin:ModelicaCodeGenerator] Traceback (most recent call last):
  File "C:\work\modelica-circuits\src\plugins\ModelicaCodeGenerator\run_plugin.py", line 12, in <module>
    from webgme_bindings import WebGME
ImportError: No module named webgme_bindings

2020-11-22T03:44:33.347Z - error: [gme:server:worker:simpleworker:pid_7444:WorkerFunctions:PluginManagerBase:plugin:ModelicaCodeGenerator] Error: python C:\work\modelica-circuits\src\plugins\ModelicaCodeGenerator\run_plugin.py 5555 "#27d55c25f1f3d568ecaf7412f1028255435cf361" "master" "/m" "" "" exited with code 1.
    at ChildProcess.<anonymous> (C:\work\modelica-circuits\src\plugins\ModelicaCodeGenerator\ModelicaCodeGenerator.js:99:37)
    at ChildProcess.emit (events.js:315:20)
    at maybeClose (internal/child_process.js:1048:16)
    at Process.ChildProcess._handle.onexit (internal/child_process.js:288:5)
2020-11-22T03:44:33.350Z - error: [gme:server:worker:simpleworker:pid_7444:WorkerFunctions] plugin [ModelicaCodeGenerator] failed with error message=python C:\work\modelica-circuits\src\plugins\ModelicaCodeGenerator\run_plugin.py 5555 "#27d55c25f1f3d568ecaf7412f1028255435cf361" "master" "/m" "" "" exited with code 1., stack=Error: python C:\work\modelica-circuits\src\plugins\ModelicaCodeGenerator\run_plugin.py 5555 "#27d55c25f1f3d568ecaf7412f1028255435cf361" "master" "/m" "" "" exited with code 1.
    at ChildProcess.<anonymous> (C:\work\modelica-circuits\src\plugins\ModelicaCodeGenerator\ModelicaCodeGenerator.js:99:37)
    at ChildProcess.emit (events.js:315:20)
    at maybeClose (internal/child_process.js:1048:16)
    at Process.ChildProcess._handle.onexit (internal/child_process.js:288:5)
2020-11-22T03:44:49.878Z - info: [gme:server:worker:simpleworker:pid_6500:WorkerFunctions:PluginManagerBase:plugin:ModelicaCodeGenerator] zmq-server listening at port 5555
2020-11-22T03:44:49.925Z - error: [gme:server:worker:simpleworker:pid_6500:WorkerFunctions:PluginManagerBase:plugin:ModelicaCodeGenerator] Traceback (most recent call last):
  File "C:\work\modelica-circuits\src\plugins\ModelicaCodeGenerator\run_plugin.py", line 12, in <module>
    from webgme_bindings import WebGME
ImportError: No module named webgme_bindings

2020-11-22T03:44:49.928Z - error: [gme:server:worker:simpleworker:pid_6500:WorkerFunctions:PluginManagerBase:plugin:ModelicaCodeGenerator] Error: python C:\work\modelica-circuits\src\plugins\ModelicaCodeGenerator\run_plugin.py 5555 "#27d55c25f1f3d568ecaf7412f1028255435cf361" "master" "/m" "" "" exited with code 1.
    at ChildProcess.<anonymous> (C:\work\modelica-circuits\src\plugins\ModelicaCodeGenerator\ModelicaCodeGenerator.js:99:37)
    at ChildProcess.emit (events.js:315:20)
    at maybeClose (internal/child_process.js:1048:16)
    at Process.ChildProcess._handle.onexit (internal/child_process.js:288:5)
2020-11-22T03:44:49.932Z - error: [gme:server:worker:simpleworker:pid_6500:WorkerFunctions] plugin [ModelicaCodeGenerator] failed with error message=python C:\work\modelica-circuits\src\plugins\ModelicaCodeGenerator\run_plugin.py 5555 "#27d55c25f1f3d568ecaf7412f1028255435cf361" "master" "/m" "" "" exited with code 1., stack=Error: python C:\work\modelica-circuits\src\plugins\ModelicaCodeGenerator\run_plugin.py 5555 "#27d55c25f1f3d568ecaf7412f1028255435cf361" "master" "/m" "" "" exited with code 1.
    at ChildProcess.<anonymous> (C:\work\modelica-circuits\src\plugins\ModelicaCodeGenerator\ModelicaCodeGenerator.js:99:37)
    at ChildProcess.emit (events.js:315:20)
    at maybeClose (internal/child_process.js:1048:16)
    at Process.ChildProcess._handle.onexit (internal/child_process.js:288:5)
2020-11-22T03:45:35.160Z - info: [gme:server:worker:simpleworker:pid_5820:WorkerFunctions:PluginManagerBase:plugin:ModelicaCodeGenerator] zmq-server listening at port 5555
2020-11-22T03:45:35.210Z - error: [gme:server:worker:simpleworker:pid_5820:WorkerFunctions:PluginManagerBase:plugin:ModelicaCodeGenerator] Traceback (most recent call last):
  File "C:\work\modelica-circuits\src\plugins\ModelicaCodeGenerator\run_plugin.py", line 12, in <module>
    from webgme_bindings import WebGME
ImportError: No module named webgme_bindings

2020-11-22T03:45:35.214Z - error: [gme:server:worker:simpleworker:pid_5820:WorkerFunctions:PluginManagerBase:plugin:ModelicaCodeGenerator] Error: python C:\work\modelica-circuits\src\plugins\ModelicaCodeGenerator\run_plugin.py 5555 "#27d55c25f1f3d568ecaf7412f1028255435cf361" "master" "/m" "" "" exited with code 1.
    at ChildProcess.<anonymous> (C:\work\modelica-circuits\src\plugins\ModelicaCodeGenerator\ModelicaCodeGenerator.js:99:37)
    at ChildProcess.emit (events.js:315:20)
    at maybeClose (internal/child_process.js:1048:16)
    at Process.ChildProcess._handle.onexit (internal/child_process.js:288:5)
2020-11-22T03:45:35.217Z - error: [gme:server:worker:simpleworker:pid_5820:WorkerFunctions] plugin [ModelicaCodeGenerator] failed with error message=python C:\work\modelica-circuits\src\plugins\ModelicaCodeGenerator\run_plugin.py 5555 "#27d55c25f1f3d568ecaf7412f1028255435cf361" "master" "/m" "" "" exited with code 1., stack=Error: python C:\work\modelica-circuits\src\plugins\ModelicaCodeGenerator\run_plugin.py 5555 "#27d55c25f1f3d568ecaf7412f1028255435cf361" "master" "/m" "" "" exited with code 1.
    at ChildProcess.<anonymous> (C:\work\modelica-circuits\src\plugins\ModelicaCodeGenerator\ModelicaCodeGenerator.js:99:37)
    at ChildProcess.emit (events.js:315:20)
    at maybeClose (internal/child_process.js:1048:16)
    at Process.ChildProcess._handle.onexit (internal/child_process.js:288:5)
2020-11-22T03:51:11.143Z - info: [gme:server:worker:simpleworker:pid_5820:WorkerFunctions:PluginManagerBase:plugin:ModelicaCodeGenerator] zmq-server listening at port 5555
2020-11-22T03:51:11.193Z - error: [gme:server:worker:simpleworker:pid_5820:WorkerFunctions:PluginManagerBase:plugin:ModelicaCodeGenerator] Traceback (most recent call last):
  File "C:\work\modelica-circuits\src\plugins\ModelicaCodeGenerator\run_plugin.py", line 12, in <module>
    from webgme_bindings import WebGME
ImportError: No module named webgme_bindings

2020-11-22T03:51:11.196Z - error: [gme:server:worker:simpleworker:pid_5820:WorkerFunctions:PluginManagerBase:plugin:ModelicaCodeGenerator] Error: python C:\work\modelica-circuits\src\plugins\ModelicaCodeGenerator\run_plugin.py 5555 "#27d55c25f1f3d568ecaf7412f1028255435cf361" "master" "/m" "" "" exited with code 1.
    at ChildProcess.<anonymous> (C:\work\modelica-circuits\src\plugins\ModelicaCodeGenerator\ModelicaCodeGenerator.js:99:37)
    at ChildProcess.emit (events.js:315:20)
    at maybeClose (internal/child_process.js:1048:16)
    at Process.ChildProcess._handle.onexit (internal/child_process.js:288:5)
2020-11-22T03:51:11.197Z - error: [gme:server:worker:simpleworker:pid_5820:WorkerFunctions] plugin [ModelicaCodeGenerator] failed with error message=python C:\work\modelica-circuits\src\plugins\ModelicaCodeGenerator\run_plugin.py 5555 "#27d55c25f1f3d568ecaf7412f1028255435cf361" "master" "/m" "" "" exited with code 1., stack=Error: python C:\work\modelica-circuits\src\plugins\ModelicaCodeGenerator\run_plugin.py 5555 "#27d55c25f1f3d568ecaf7412f1028255435cf361" "master" "/m" "" "" exited with code 1.
    at ChildProcess.<anonymous> (C:\work\modelica-circuits\src\plugins\ModelicaCodeGenerator\ModelicaCodeGenerator.js:99:37)
    at ChildProcess.emit (events.js:315:20)
    at maybeClose (internal/child_process.js:1048:16)
    at Process.ChildProcess._handle.onexit (internal/child_process.js:288:5)
2020-11-22T19:35:02.815Z - info: [gme] Node version v14.15.0
2020-11-22T19:35:02.818Z - info: [gme] Logfile [ info ] : C:\work\modelica-circuits\server.log
2020-11-22T19:35:02.818Z - info: [gme] Logfile [ error ] : C:\work\modelica-circuits\server-error.log
2020-11-22T19:35:02.844Z - info: [gme:server:standalone] Valid addresses of gme web server:  http://192.168.56.1:8888  http://192.168.0.50:8888  http://127.0.0.1:8888
2020-11-22T19:35:02.974Z - info: [gme:server:standalone:middleware:BlobServer:BlobBackend] local-storage: C:\work\modelica-circuits\blob-local-storage
2020-11-22T19:35:02.978Z - info: [gme:server:auth:gmeauth] connecting to: mongodb://127.0.0.1:27017/modelica_circuits
2020-11-22T19:35:03.001Z - info: [gme:server:standalone:mongo] connecting to: mongodb://127.0.0.1:27017/modelica_circuits
2020-11-22T19:35:03.318Z - info: [gme:server:standalone] Server is listening ...
2020-11-22T19:35:16.029Z - info: [gme:server:worker:simpleworker:pid_7476:WorkerFunctions:PluginManagerBase:plugin:ModelicaCodeGenerator] zmq-server listening at port 5555
2020-11-22T19:35:16.097Z - error: [gme:server:worker:simpleworker:pid_7476:WorkerFunctions:PluginManagerBase:plugin:ModelicaCodeGenerator] Traceback (most recent call last):
  File "C:\work\modelica-circuits\src\plugins\ModelicaCodeGenerator\run_plugin.py", line 12, in <module>
    from webgme_bindings import WebGME
ImportError: No module named webgme_bindings

2020-11-22T19:35:16.101Z - error: [gme:server:worker:simpleworker:pid_7476:WorkerFunctions:PluginManagerBase:plugin:ModelicaCodeGenerator] Error: python C:\work\modelica-circuits\src\plugins\ModelicaCodeGenerator\run_plugin.py 5555 "#27d55c25f1f3d568ecaf7412f1028255435cf361" "master" "/m" "" "" exited with code 1.
    at ChildProcess.<anonymous> (C:\work\modelica-circuits\src\plugins\ModelicaCodeGenerator\ModelicaCodeGenerator.js:99:37)
    at ChildProcess.emit (events.js:315:20)
    at maybeClose (internal/child_process.js:1048:16)
    at Process.ChildProcess._handle.onexit (internal/child_process.js:288:5)
2020-11-22T19:35:16.105Z - error: [gme:server:worker:simpleworker:pid_7476:WorkerFunctions] plugin [ModelicaCodeGenerator] failed with error message=python C:\work\modelica-circuits\src\plugins\ModelicaCodeGenerator\run_plugin.py 5555 "#27d55c25f1f3d568ecaf7412f1028255435cf361" "master" "/m" "" "" exited with code 1., stack=Error: python C:\work\modelica-circuits\src\plugins\ModelicaCodeGenerator\run_plugin.py 5555 "#27d55c25f1f3d568ecaf7412f1028255435cf361" "master" "/m" "" "" exited with code 1.
    at ChildProcess.<anonymous> (C:\work\modelica-circuits\src\plugins\ModelicaCodeGenerator\ModelicaCodeGenerator.js:99:37)
    at ChildProcess.emit (events.js:315:20)
    at maybeClose (internal/child_process.js:1048:16)
    at Process.ChildProcess._handle.onexit (internal/child_process.js:288:5)
2020-11-22T19:39:06.223Z - info: [gme:server:worker:simpleworker:pid_7476:WorkerFunctions:PluginManagerBase:plugin:ModelicaCodeGenerator] zmq-server listening at port 5555
2020-11-22T19:39:06.504Z - error: [gme:server:worker:simpleworker:pid_7476:WorkerFunctions:PluginManagerBase:plugin:ModelicaCodeGenerator] Traceback (most recent call last):
  File "C:\work\modelica-circuits\src\plugins\ModelicaCodeGenerator\run_plugin.py", line 12, in <module>
    from webgme_bindings import WebGME
ImportError: No module named webgme_bindings

2020-11-22T19:39:06.507Z - error: [gme:server:worker:simpleworker:pid_7476:WorkerFunctions:PluginManagerBase:plugin:ModelicaCodeGenerator] Error: python C:\work\modelica-circuits\src\plugins\ModelicaCodeGenerator\run_plugin.py 5555 "#27d55c25f1f3d568ecaf7412f1028255435cf361" "master" "/M" "" "" exited with code 1.
    at ChildProcess.<anonymous> (C:\work\modelica-circuits\src\plugins\ModelicaCodeGenerator\ModelicaCodeGenerator.js:99:37)
    at ChildProcess.emit (events.js:315:20)
    at maybeClose (internal/child_process.js:1048:16)
    at Process.ChildProcess._handle.onexit (internal/child_process.js:288:5)
2020-11-22T19:39:06.508Z - error: [gme:server:worker:simpleworker:pid_7476:WorkerFunctions] plugin [ModelicaCodeGenerator] failed with error message=python C:\work\modelica-circuits\src\plugins\ModelicaCodeGenerator\run_plugin.py 5555 "#27d55c25f1f3d568ecaf7412f1028255435cf361" "master" "/M" "" "" exited with code 1., stack=Error: python C:\work\modelica-circuits\src\plugins\ModelicaCodeGenerator\run_plugin.py 5555 "#27d55c25f1f3d568ecaf7412f1028255435cf361" "master" "/M" "" "" exited with code 1.
    at ChildProcess.<anonymous> (C:\work\modelica-circuits\src\plugins\ModelicaCodeGenerator\ModelicaCodeGenerator.js:99:37)
    at ChildProcess.emit (events.js:315:20)
    at maybeClose (internal/child_process.js:1048:16)
    at Process.ChildProcess._handle.onexit (internal/child_process.js:288:5)
2020-11-22T19:40:11.793Z - info: [gme:server:worker:simpleworker:pid_1084:WorkerFunctions:PluginManagerBase:plugin:ModelicaCodeGenerator] zmq-server listening at port 5555
2020-11-22T19:40:11.843Z - error: [gme:server:worker:simpleworker:pid_1084:WorkerFunctions:PluginManagerBase:plugin:ModelicaCodeGenerator] Traceback (most recent call last):
  File "C:\work\modelica-circuits\src\plugins\ModelicaCodeGenerator\run_plugin.py", line 12, in <module>
    from webgme_bindings import WebGME
ImportError: No module named webgme_bindings

2020-11-22T19:40:11.846Z - error: [gme:server:worker:simpleworker:pid_1084:WorkerFunctions:PluginManagerBase:plugin:ModelicaCodeGenerator] Error: python C:\work\modelica-circuits\src\plugins\ModelicaCodeGenerator\run_plugin.py 5555 "#27d55c25f1f3d568ecaf7412f1028255435cf361" "master" "/m" "" "" exited with code 1.
    at ChildProcess.<anonymous> (C:\work\modelica-circuits\src\plugins\ModelicaCodeGenerator\ModelicaCodeGenerator.js:99:37)
    at ChildProcess.emit (events.js:315:20)
    at maybeClose (internal/child_process.js:1048:16)
    at Process.ChildProcess._handle.onexit (internal/child_process.js:288:5)
2020-11-22T19:40:11.849Z - error: [gme:server:worker:simpleworker:pid_1084:WorkerFunctions] plugin [ModelicaCodeGenerator] failed with error message=python C:\work\modelica-circuits\src\plugins\ModelicaCodeGenerator\run_plugin.py 5555 "#27d55c25f1f3d568ecaf7412f1028255435cf361" "master" "/m" "" "" exited with code 1., stack=Error: python C:\work\modelica-circuits\src\plugins\ModelicaCodeGenerator\run_plugin.py 5555 "#27d55c25f1f3d568ecaf7412f1028255435cf361" "master" "/m" "" "" exited with code 1.
    at ChildProcess.<anonymous> (C:\work\modelica-circuits\src\plugins\ModelicaCodeGenerator\ModelicaCodeGenerator.js:99:37)
    at ChildProcess.emit (events.js:315:20)
    at maybeClose (internal/child_process.js:1048:16)
    at Process.ChildProcess._handle.onexit (internal/child_process.js:288:5)
2020-11-22T19:45:29.686Z - info: [gme:server:worker:simpleworker:pid_1084:WorkerFunctions:PluginManagerBase:plugin:ModelicaCodeGenerator] zmq-server listening at port 5555
2020-11-22T19:45:29.733Z - error: [gme:server:worker:simpleworker:pid_1084:WorkerFunctions:PluginManagerBase:plugin:ModelicaCodeGenerator] Traceback (most recent call last):
  File "C:\work\modelica-circuits\src\plugins\ModelicaCodeGenerator\run_plugin.py", line 12, in <module>
    from webgme_bindings import WebGME
ImportError: No module named webgme_bindings

2020-11-22T19:45:29.736Z - error: [gme:server:worker:simpleworker:pid_1084:WorkerFunctions:PluginManagerBase:plugin:ModelicaCodeGenerator] Error: python C:\work\modelica-circuits\src\plugins\ModelicaCodeGenerator\run_plugin.py 5555 "#27d55c25f1f3d568ecaf7412f1028255435cf361" "master" "/M" "" "" exited with code 1.
    at ChildProcess.<anonymous> (C:\work\modelica-circuits\src\plugins\ModelicaCodeGenerator\ModelicaCodeGenerator.js:99:37)
    at ChildProcess.emit (events.js:315:20)
    at maybeClose (internal/child_process.js:1048:16)
    at Process.ChildProcess._handle.onexit (internal/child_process.js:288:5)
2020-11-22T19:45:29.737Z - error: [gme:server:worker:simpleworker:pid_1084:WorkerFunctions] plugin [ModelicaCodeGenerator] failed with error message=python C:\work\modelica-circuits\src\plugins\ModelicaCodeGenerator\run_plugin.py 5555 "#27d55c25f1f3d568ecaf7412f1028255435cf361" "master" "/M" "" "" exited with code 1., stack=Error: python C:\work\modelica-circuits\src\plugins\ModelicaCodeGenerator\run_plugin.py 5555 "#27d55c25f1f3d568ecaf7412f1028255435cf361" "master" "/M" "" "" exited with code 1.
    at ChildProcess.<anonymous> (C:\work\modelica-circuits\src\plugins\ModelicaCodeGenerator\ModelicaCodeGenerator.js:99:37)
    at ChildProcess.emit (events.js:315:20)
    at maybeClose (internal/child_process.js:1048:16)
    at Process.ChildProcess._handle.onexit (internal/child_process.js:288:5)
2020-11-22T19:46:02.961Z - info: [gme] Node version v14.15.0
2020-11-22T19:46:02.963Z - info: [gme] Logfile [ info ] : C:\work\modelica-circuits\server.log
2020-11-22T19:46:02.963Z - info: [gme] Logfile [ error ] : C:\work\modelica-circuits\server-error.log
2020-11-22T19:46:02.980Z - info: [gme:server:standalone] Valid addresses of gme web server:  http://192.168.56.1:8888  http://192.168.0.50:8888  http://127.0.0.1:8888
2020-11-22T19:46:03.056Z - info: [gme:server:standalone:middleware:BlobServer:BlobBackend] local-storage: C:\work\modelica-circuits\blob-local-storage
2020-11-22T19:46:03.060Z - info: [gme:server:auth:gmeauth] connecting to: mongodb://127.0.0.1:27017/modelica_circuits
2020-11-22T19:46:03.081Z - info: [gme:server:standalone:mongo] connecting to: mongodb://127.0.0.1:27017/modelica_circuits
2020-11-22T19:46:03.367Z - info: [gme:server:standalone] Server is listening ...
2020-11-22T19:46:13.395Z - info: [gme:server:worker:simpleworker:pid_17288:WorkerFunctions:PluginManagerBase:plugin:ModelicaCodeGenerator] zmq-server listening at port 5555
2020-11-22T19:46:13.438Z - error: [gme:server:worker:simpleworker:pid_17288:WorkerFunctions:PluginManagerBase:plugin:ModelicaCodeGenerator] Traceback (most recent call last):
  File "C:\work\modelica-circuits\src\plugins\ModelicaCodeGenerator\run_plugin.py", line 12, in <module>
    from webgme_bindings import WebGME
ImportError: No module named webgme_bindings

2020-11-22T19:46:13.442Z - error: [gme:server:worker:simpleworker:pid_17288:WorkerFunctions:PluginManagerBase:plugin:ModelicaCodeGenerator] Error: python C:\work\modelica-circuits\src\plugins\ModelicaCodeGenerator\run_plugin.py 5555 "#27d55c25f1f3d568ecaf7412f1028255435cf361" "master" "/m" "" "" exited with code 1.
    at ChildProcess.<anonymous> (C:\work\modelica-circuits\src\plugins\ModelicaCodeGenerator\ModelicaCodeGenerator.js:99:37)
    at ChildProcess.emit (events.js:315:20)
    at maybeClose (internal/child_process.js:1048:16)
    at Process.ChildProcess._handle.onexit (internal/child_process.js:288:5)
2020-11-22T19:46:13.445Z - error: [gme:server:worker:simpleworker:pid_17288:WorkerFunctions] plugin [ModelicaCodeGenerator] failed with error message=python C:\work\modelica-circuits\src\plugins\ModelicaCodeGenerator\run_plugin.py 5555 "#27d55c25f1f3d568ecaf7412f1028255435cf361" "master" "/m" "" "" exited with code 1., stack=Error: python C:\work\modelica-circuits\src\plugins\ModelicaCodeGenerator\run_plugin.py 5555 "#27d55c25f1f3d568ecaf7412f1028255435cf361" "master" "/m" "" "" exited with code 1.
    at ChildProcess.<anonymous> (C:\work\modelica-circuits\src\plugins\ModelicaCodeGenerator\ModelicaCodeGenerator.js:99:37)
    at ChildProcess.emit (events.js:315:20)
    at maybeClose (internal/child_process.js:1048:16)
    at Process.ChildProcess._handle.onexit (internal/child_process.js:288:5)
2020-11-22T20:24:31.282Z - info: [gme] Node version v14.15.0
2020-11-22T20:24:31.283Z - info: [gme] Logfile [ info ] : C:\work\modelica-circuits\server.log
2020-11-22T20:24:31.283Z - info: [gme] Logfile [ error ] : C:\work\modelica-circuits\server-error.log
2020-11-22T20:24:31.301Z - info: [gme:server:standalone] Valid addresses of gme web server:  http://192.168.56.1:8888  http://192.168.0.50:8888  http://127.0.0.1:8888
2020-11-22T20:24:31.384Z - info: [gme:server:standalone:middleware:BlobServer:BlobBackend] local-storage: C:\work\modelica-circuits\blob-local-storage
2020-11-22T20:24:31.388Z - info: [gme:server:auth:gmeauth] connecting to: mongodb://127.0.0.1:27017/modelica_circuits
2020-11-22T20:24:31.410Z - info: [gme:server:standalone:mongo] connecting to: mongodb://127.0.0.1:27017/modelica_circuits
2020-11-22T20:24:31.699Z - info: [gme:server:standalone] Server is listening ...
2020-11-22T20:24:48.070Z - info: [gme:server:worker:simpleworker:pid_2960:WorkerFunctions:PluginManagerBase:plugin:ModelicaCodeGenerator] zmq-server listening at port 5555
2020-11-22T20:24:48.118Z - error: [gme:server:worker:simpleworker:pid_2960:WorkerFunctions:PluginManagerBase:plugin:ModelicaCodeGenerator] Traceback (most recent call last):
  File "C:\work\modelica-circuits\src\plugins\ModelicaCodeGenerator\run_plugin.py", line 12, in <module>
    from webgme_bindings import WebGME
ImportError: No module named webgme_bindings

2020-11-22T20:24:48.122Z - error: [gme:server:worker:simpleworker:pid_2960:WorkerFunctions:PluginManagerBase:plugin:ModelicaCodeGenerator] Error: python C:\work\modelica-circuits\src\plugins\ModelicaCodeGenerator\run_plugin.py 5555 "#27d55c25f1f3d568ecaf7412f1028255435cf361" "master" "/m" "" "" exited with code 1.
    at ChildProcess.<anonymous> (C:\work\modelica-circuits\src\plugins\ModelicaCodeGenerator\ModelicaCodeGenerator.js:99:37)
    at ChildProcess.emit (events.js:315:20)
    at maybeClose (internal/child_process.js:1048:16)
    at Process.ChildProcess._handle.onexit (internal/child_process.js:288:5)
2020-11-22T20:24:48.125Z - error: [gme:server:worker:simpleworker:pid_2960:WorkerFunctions] plugin [ModelicaCodeGenerator] failed with error message=python C:\work\modelica-circuits\src\plugins\ModelicaCodeGenerator\run_plugin.py 5555 "#27d55c25f1f3d568ecaf7412f1028255435cf361" "master" "/m" "" "" exited with code 1., stack=Error: python C:\work\modelica-circuits\src\plugins\ModelicaCodeGenerator\run_plugin.py 5555 "#27d55c25f1f3d568ecaf7412f1028255435cf361" "master" "/m" "" "" exited with code 1.
    at ChildProcess.<anonymous> (C:\work\modelica-circuits\src\plugins\ModelicaCodeGenerator\ModelicaCodeGenerator.js:99:37)
    at ChildProcess.emit (events.js:315:20)
    at maybeClose (internal/child_process.js:1048:16)
    at Process.ChildProcess._handle.onexit (internal/child_process.js:288:5)
